[1m============================= test session starts ==============================[0m
platform darwin -- Python 3.12.9, pytest-8.4.2, pluggy-1.6.0
rootdir: /Users/dariapavlova/Desktop/ai-service
configfile: pytest.ini
plugins: asyncio-1.1.0, anyio-4.10.0, cov-6.2.1
asyncio: mode=Mode.AUTO, asyncio_default_fixture_loop_scope=None, asyncio_default_test_loop_scope=function
collected 1543 items

tests/unit/api/test_main_endpoints.py [32m.[0m[32m.[0m[32m.[0m[32m.[0m[32m.[0m[32m.[0m[32m.[0m[32m.[0m[32m.[0m[32m.[0m[32m.[0m[32m.[0m[32m.[0m[32m.[0m[32m.[0m[32m.[0m[32m.[0m[32m                  [  1%][0m
tests/unit/core/test_decision_engine.py [32m.[0m[32m.[0m[32m.[0m[32m.[0m[32m.[0m[32m.[0m[32m.[0m[32m.[0m[32m.[0m[32m.[0m[32m.[0m[32m.[0m[33ms[0m[33ms[0m[33ms[0m[33ms[0m[32m.[0m[33ms[0m[32m               [  2%][0m
tests/unit/core/test_orchestrator_factory.py [32m.[0m[32m.[0m[31mF[0m[31mF[0m[31mF[0m[31mF[0m[32m.[0m[31mF[0m[32m.[0m[31mF[0m[32m.[0m[32m.[0m[31m                [  3%][0m
tests/unit/embeddings/test_embedding_service_async.py [31mF[0m[31mF[0m[31mF[0m[31mF[0m[31mF[0m[31mF[0m[31mF[0m[31mF[0m[31m           [  3%][0m
tests/unit/embeddings/test_embedding_service_comprehensive.py [32m.[0m[32m.[0m[32m.[0m[32m.[0m[32m.[0m[31mF[0m[31mF[0m[31mF[0m[31mF[0m[31mF[0m[31m [  4%]
[0m[31mF[0m[31mF[0m[31mF[0m[31mF[0m[31mF[0m[31mF[0m[31mF[0m[31mF[0m[31mF[0m[31mF[0m[31mF[0m[31mF[0m[31mF[0m[31mF[0m[31mF[0m[31mF[0m[31mF[0m[31mF[0m[31m                                                       [  5%][0m
tests/unit/embeddings/test_optimized_embedding_service.py [32m.[0m[32m.[0m[32m.[0m[32m.[0m[32m.[0m[32m.[0m[32m.[0m[32m.[0m[32m.[0m[32m.[0m[32m.[0m[32m.[0m[32m.[0m[32m.[0m[31m [  6%]
[0m[32m.[0m[32m.[0m[32m.[0m[32m.[0m[32m.[0m[31m                                                                    [  6%][0m
tests/unit/layers/test_adjust_surname_gender.py [32m.[0m[32m.[0m[32m.[0m[32m.[0m[32m.[0m[32m.[0m[32m.[0m[32m.[0m[32m.[0m[32m.[0m[32m.[0m[32m.[0m[31m             [  7%][0m
tests/unit/layers/test_group_persons.py [32m.[0m[32m.[0m[32m.[0m[32m.[0m[32m.[0m[32m.[0m[32m.[0m[32m.[0m[32m.[0m[32m.[0m[32m.[0m[32m.[0m[32m.[0m[32m.[0m[31m                   [  8%][0m
tests/unit/layers/test_infer_gender.py [32m.[0m[32m.[0m[32m.[0m[32m.[0m[32m.[0m[32m.[0m[32m.[0m[32m.[0m[32m.[0m[32m.[0m[32m.[0m[32m.[0m[32m.[0m[32m.[0m[32m.[0m[32m.[0m[32m.[0m[32m.[0m[32m.[0m[32m.[0m[32m.[0m[31m             [  9%][0m
tests/unit/layers/test_normalization_contracts.py [32m.[0m[32m.[0m[32m.[0m[32m.[0m[32m.[0m[32m.[0m[32m.[0m[32m.[0m[32m.[0m[32m.[0m[32m.[0m[31m            [ 10%][0m
tests/unit/layers/test_smart_filter_adapter.py [32m.[0m[32m.[0m[32m.[0m[32m.[0m[32m.[0m[32m.[0m[32m.[0m[32m.[0m[32m.[0m[32m.[0m[32m.[0m[31m               [ 11%][0m
tests/unit/monitoring/test_metrics_basic.py [31mF[0m[31mF[0m[31mF[0m[31m                          [ 11%][0m
tests/unit/monitoring/test_metrics_service.py [31mF[0m[31mF[0m[32m.[0m[31mF[0m[31mF[0m[31mF[0m[31mF[0m[31mF[0m[31mF[0m[31mF[0m[31mF[0m[31mF[0m[31mF[0m[31mF[0m[31mF[0m[31mF[0m[31mF[0m[31mF[0m[31m         [ 12%][0m
tests/unit/monitoring/test_orchestrator_metrics.py [31mF[0m[32m.[0m[32m.[0m[32m.[0m[32m.[0m[32m.[0m[32m.[0m[32m.[0m[32m.[0m[31mF[0m[32m.[0m[31mF[0m[32m.[0m[31m         [ 13%][0m
tests/unit/morphology/test_integration_morphology.py [33ms[0m[33ms[0m[33ms[0m[32m.[0m[33ms[0m[33ms[0m[33ms[0m[33ms[0m[33ms[0m[33ms[0m[31m          [ 13%][0m
tests/unit/morphology/test_morph_and_diminutives.py [32m.[0m[32m.[0m[32m.[0m[32m.[0m[32m.[0m[32m.[0m[32m.[0m[32m.[0m[32m.[0m[32m.[0m[32m.[0m[32m.[0m[32m.[0m[32m.[0m[32m.[0m[32m.[0m[32m.[0m[32m.[0m[32m.[0m[31m  [ 15%][0m
tests/unit/morphology/test_russian_morphology_service.py [32m.[0m[32m.[0m[32m.[0m[32m.[0m[32m.[0m[32m.[0m[32m.[0m[32m.[0m[32m.[0m[32m.[0m[32m.[0m[32m.[0m[32m.[0m[32m.[0m[32m.[0m[31m [ 16%]
[0m[32m.[0m[32m.[0m[32m.[0m[32m.[0m[32m.[0m[32m.[0m[32m.[0m[32m.[0m[32m.[0m[31mF[0m[32m.[0m[32m.[0m[32m.[0m[32m.[0m[32m.[0m[32m.[0m[32m.[0m[32m.[0m[32m.[0m[32m.[0m[31m                                                     [ 17%][0m
tests/unit/morphology/test_russian_morphology_unit.py [31mF[0m[32m.[0m[32m.[0m[32m.[0m[32m.[0m[32m.[0m[32m.[0m[32m.[0m[32m.[0m[32m.[0m[32m.[0m[32m.[0m[31mF[0m[31mF[0m[32m.[0m[32m.[0m[32m.[0m[32m.[0m[31m [ 18%]
[0m[32m.[0m[32m.[0m[32m.[0m[32m.[0m[31m                                                                     [ 18%][0m
tests/unit/morphology/test_ukrainian_morphology.py [31mF[0m[31mF[0m[31mF[0m[31mF[0m[31mF[0m[31mF[0m[31mF[0m[31mF[0m[31mF[0m[31mF[0m[31mF[0m[31mF[0m[31mF[0m[31mF[0m[32m.[0m[31mF[0m[31mF[0m[31mF[0m[31mF[0m[31mF[0m[31mF[0m[31m [ 20%]
[0m[31mF[0m[31mF[0m[31mF[0m[31mF[0m[32m.[0m[31mF[0m[31mF[0m[32m.[0m[31mF[0m[31mF[0m[31mF[0m[31mF[0m[31mF[0m[31mF[0m[31mF[0m[31mF[0m[31mF[0m[31mF[0m[31mF[0m[31mF[0m[31mF[0m[31mF[0m[32m.[0m[31m                                                  [ 21%][0m
tests/unit/morphology/test_ukrainian_morphology_unit.py [31mF[0m[31mF[0m[31mF[0m[31mF[0m[32m.[0m[32m.[0m[31mF[0m[31mF[0m[31mF[0m[31mF[0m[31mF[0m[31mF[0m[31mF[0m[31mF[0m[31mF[0m[32m.[0m[31m [ 22%]
[0m[32m.[0m[32m.[0m[32m.[0m[32m.[0m[32m.[0m[32m.[0m[32m.[0m[31m                                                                  [ 23%][0m
tests/unit/patterns/test_unified_pattern_service.py [32m.[0m[32m.[0m[32m.[0m[32m.[0m[32m.[0m[32m.[0m[32m.[0m[32m.[0m[32m.[0m[32m.[0m[32m.[0m[32m.[0m[32m.[0m[32m.[0m[32m.[0m[32m.[0m[32m.[0m[32m.[0m[32m.[0m[32m.[0m[31m [ 24%]
[0m[32m.[0m[32m.[0m[31m                                                                       [ 24%][0m
tests/unit/screening/test_company_detector.py [32m.[0m[32m.[0m[32m.[0m[32m.[0m[32m.[0m[32m.[0m[32m.[0m[32m.[0m[32m.[0m[32m.[0m[32m.[0m[32m.[0m[32m.[0m[32m.[0m[32m.[0m[32m.[0m[32m.[0m[32m.[0m[32m.[0m[31m        [ 25%][0m
tests/unit/screening/test_decision_logic.py [31mF[0m[31mF[0m[32m.[0m[32m.[0m[32m.[0m[32m.[0m[32m.[0m[32m.[0m[32m.[0m[31mF[0m[32m.[0m[32m.[0m[31mF[0m[32m.[0m[32m.[0m[32m.[0m[32m.[0m[32m.[0m[31m           [ 27%][0m
tests/unit/screening/test_document_detector.py [32m.[0m[32m.[0m[32m.[0m[32m.[0m[32m.[0m[32m.[0m[32m.[0m[32m.[0m[32m.[0m[32m.[0m[32m.[0m[32m.[0m[32m.[0m[32m.[0m[32m.[0m[32m.[0m[32m.[0m[31m         [ 28%][0m
tests/unit/screening/test_smart_filter_service.py [32m.[0m[32m.[0m[32m.[0m[32m.[0m[32m.[0m[32m.[0m[32m.[0m[32m.[0m[32m.[0m[32m.[0m[32m.[0m[32m.[0m[32m.[0m[32m.[0m[32m.[0m[32m.[0m[31m       [ 29%][0m
tests/unit/screening/test_terrorism_detector.py [32m.[0m[32m.[0m[32m.[0m[32m.[0m[32m.[0m[32m.[0m[32m.[0m[32m.[0m[32m.[0m[32m.[0m[32m.[0m[32m.[0m[32m.[0m[32m.[0m[32m.[0m[32m.[0m[32m.[0m[32m.[0m[32m.[0m[31m      [ 30%][0m
tests/unit/signals/test_id_person_proximity_matching.py [32m.[0m[32m.[0m[32m.[0m[32m.[0m[32m.[0m[32m.[0m[32m.[0m[32m.[0m[32m.[0m[32m.[0m[32m.[0m[31m      [ 31%][0m
tests/unit/signals/test_signals_service_async.py [32m.[0m[32m.[0m[32m.[0m[32m.[0m[32m.[0m[32m.[0m[32m.[0m[31m                 [ 31%][0m
tests/unit/signals/test_signals_service_comprehensive.py [32m.[0m[32m.[0m[32m.[0m[32m.[0m[32m.[0m[32m.[0m[32m.[0m[32m.[0m[32m.[0m[32m.[0m[32m.[0m[32m.[0m[32m.[0m[32m.[0m[32m.[0m[31m [ 32%]
[0m[32m.[0m[32m.[0m[32m.[0m[32m.[0m[32m.[0m[32m.[0m[32m.[0m[32m.[0m[32m.[0m[32m.[0m[31m                                                               [ 33%][0m
tests/unit/smart_filter/test_enhanced_smart_filter.py [32m.[0m[32m.[0m[32m.[0m[32m.[0m[32m.[0m[32m.[0m[32m.[0m[32m.[0m[32m.[0m[32m.[0m[32m.[0m[32m.[0m[32m.[0m[32m.[0m[32m.[0m[32m.[0m[32m.[0m[31m  [ 34%][0m
tests/unit/smart_filter/test_smart_filter_service_async.py [32m.[0m[32m.[0m[32m.[0m[32m.[0m[32m.[0m[32m.[0m[32m.[0m[32m.[0m[31m      [ 34%][0m
tests/unit/test_advanced_normalization_unit.py [32m.[0m[32m.[0m[32m.[0m[32m.[0m[32m.[0m[32m.[0m[32m.[0m[31m                   [ 35%][0m
tests/unit/test_build_templates_script.py [32m.[0m[32m.[0m[32m.[0m[32m.[0m[32m.[0m[32m.[0m[32m.[0m[32m.[0m[32m.[0m[31m                      [ 35%][0m
tests/unit/test_cache_service.py [32m.[0m[32m.[0m[32m.[0m[32m.[0m[32m.[0m[32m.[0m[32m.[0m[32m.[0m[32m.[0m[32m.[0m[32m.[0m[32m.[0m[32m.[0m[32m.[0m[32m.[0m[32m.[0m[32m.[0m[32m.[0m[31m                      [ 37%][0m
tests/unit/test_company_detector.py [32m.[0m[32m.[0m[32m.[0m[32m.[0m[32m.[0m[32m.[0m[32m.[0m[32m.[0m[32m.[0m[32m.[0m[32m.[0m[32m.[0m[32m.[0m[32m.[0m[32m.[0m[32m.[0m[32m.[0m[32m.[0m[32m.[0m[31m                  [ 38%][0m
tests/unit/test_decision_canary.py [32m.[0m[32m.[0m[32m.[0m[32m.[0m[32m.[0m[32m.[0m[32m.[0m[32m.[0m[32m.[0m[32m.[0m[32m.[0m[31m                           [ 38%][0m
tests/unit/test_decision_config_overrides.py [32m.[0m[32m.[0m[32m.[0m[32m.[0m[32m.[0m[32m.[0m[32m.[0m[32m.[0m[32m.[0m[32m.[0m[32m.[0m[32m.[0m[32m.[0m[32m.[0m[32m.[0m[32m.[0m[31m            [ 39%][0m
tests/unit/test_decision_contracts.py [32m.[0m[32m.[0m[32m.[0m[32m.[0m[32m.[0m[32m.[0m[32m.[0m[32m.[0m[32m.[0m[32m.[0m[32m.[0m[32m.[0m[32m.[0m[32m.[0m[32m.[0m[32m.[0m[32m.[0m[32m.[0m[32m.[0m[32m.[0m[32m.[0m[32m.[0m[32m.[0m[32m.[0m[31m           [ 41%][0m
tests/unit/test_decision_edges.py [32m.[0m[32m.[0m[32m.[0m[32m.[0m[32m.[0m[32m.[0m[32m.[0m[32m.[0m[32m.[0m[32m.[0m[32m.[0m[32m.[0m[32m.[0m[32m.[0m[32m.[0m[32m.[0m[32m.[0m[31m                      [ 42%][0m
tests/unit/test_decision_engine_core.py [32m.[0m[32m.[0m[32m.[0m[32m.[0m[32m.[0m[32m.[0m[32m.[0m[31m                          [ 43%][0m
tests/unit/test_decision_explain.py [32m.[0m[32m.[0m[32m.[0m[32m.[0m[32m.[0m[32m.[0m[32m.[0m[32m.[0m[32m.[0m[32m.[0m[32m.[0m[32m.[0m[32m.[0m[32m.[0m[32m.[0m[32m.[0m[31m                     [ 44%][0m
tests/unit/test_decision_logic.py [31mF[0m[31mF[0m[32m.[0m[32m.[0m[32m.[0m[32m.[0m[32m.[0m[32m.[0m[32m.[0m[31mF[0m[32m.[0m[32m.[0m[31mF[0m[32m.[0m[32m.[0m[32m.[0m[32m.[0m[32m.[0m[31m                     [ 45%][0m
tests/unit/test_document_detector.py [32m.[0m[32m.[0m[32m.[0m[32m.[0m[32m.[0m[32m.[0m[32m.[0m[32m.[0m[32m.[0m[32m.[0m[32m.[0m[32m.[0m[32m.[0m[32m.[0m[32m.[0m[32m.[0m[32m.[0m[31m                   [ 46%][0m
tests/unit/test_embedding_config.py [32m.[0m[32m.[0m[32m.[0m[32m.[0m[32m.[0m[32m.[0m[32m.[0m[32m.[0m[32m.[0m[32m.[0m[32m.[0m[32m.[0m[31m                         [ 47%][0m
tests/unit/test_embedding_contract.py [32m.[0m[32m.[0m[32m.[0m[32m.[0m[32m.[0m[32m.[0m[32m.[0m[32m.[0m[32m.[0m[32m.[0m[32m.[0m[32m.[0m[31m                       [ 47%][0m
tests/unit/test_embedding_model_switch.py [32m.[0m[32m.[0m[32m.[0m[32m.[0m[32m.[0m[32m.[0m[32m.[0m[32m.[0m[32m.[0m[31m                      [ 48%][0m
tests/unit/test_embedding_preprocessor.py [32m.[0m[32m.[0m[32m.[0m[32m.[0m[32m.[0m[32m.[0m[32m.[0m[32m.[0m[32m.[0m[32m.[0m[32m.[0m[32m.[0m[32m.[0m[32m.[0m[31m                 [ 49%][0m
tests/unit/test_embeddings_canary_names.py [32m.[0m[32m.[0m[32m.[0m[32m.[0m[32m.[0m[32m.[0m[32m.[0m[31m                       [ 49%][0m
tests/unit/test_integration_morphology.py [31mF[0m[31mF[0m[31mF[0m[32m.[0m[31mF[0m[31mF[0m[31mF[0m[31mF[0m[31mF[0m[31mF[0m[31m                     [ 50%][0m
tests/unit/test_lang_canary_random_noise.py [32m.[0m[32m.[0m[32m.[0m[32m.[0m[31m                         [ 50%][0m
tests/unit/test_lang_config_contract.py [32m.[0m[32m.[0m[32m.[0m[32m.[0m[32m.[0m[32m.[0m[32m.[0m[32m.[0m[32m.[0m[32m.[0m[32m.[0m[32m.[0m[32m.[0m[32m.[0m[31m                   [ 51%][0m
tests/unit/test_lang_edge_cases.py [32m.[0m[32m.[0m[32m.[0m[32m.[0m[32m.[0m[32m.[0m[32m.[0m[32m.[0m[32m.[0m[32m.[0m[32m.[0m[31m                           [ 52%][0m
tests/unit/test_language_detection_service.py [32m.[0m[32m.[0m[32m.[0m[32m.[0m[32m.[0m[32m.[0m[32m.[0m[32m.[0m[32m.[0m[32m.[0m[32m.[0m[32m.[0m[32m.[0m[32m.[0m[32m.[0m[32m.[0m[32m.[0m[32m.[0m[32m.[0m[32m.[0m

[36m[1m=========================== short test summary info ============================[0m
[31mFAILED[0m tests/unit/core/test_orchestrator_factory.py::[1mTestOrchestratorFactory::test_create_testing_orchestrator_full[0m - assert False is True
[31mFAILED[0m tests/unit/core/test_orchestrator_factory.py::[1mTestOrchestratorFactory::test_create_production_orchestrator[0m - assert False is True
[31mFAILED[0m tests/unit/core/test_orchestrator_factory.py::[1mTestOrchestratorFactory::test_create_orchestrator_custom_config[0m - assert False is True
[31mFAILED[0m tests/unit/core/test_orchestrator_factory.py::[1mTestOrchestratorFactory::test_service_initialization_mocking[0m - ai_service.exceptions.ServiceInitializationError: Orchestrator creation fai...
[31mFAILED[0m tests/unit/core/test_orchestrator_factory.py::[1mTestOrchestratorFactory::test_optional_services_configuration[0m - AttributeError: <module 'ai_service.core.orchestrator_factory' from '/Users...
[31mFAILED[0m tests/unit/core/test_orchestrator_factory.py::[1mTestOrchestratorFactory::test_service_dependency_injection[0m - AttributeError: <module 'ai_service.core.orchestrator_factory' from '/Users...
[31mFAILED[0m tests/unit/embeddings/test_embedding_service_async.py::[1mTestEmbeddingServiceAsync::test_get_embeddings_async_success[0m - AttributeError: <src.ai_service.layers.embeddings.embedding_service.Embeddi...
[31mFAILED[0m tests/unit/embeddings/test_embedding_service_async.py::[1mTestEmbeddingServiceAsync::test_get_embeddings_async_with_params[0m - AttributeError: <src.ai_service.layers.embeddings.embedding_service.Embeddi...
[31mFAILED[0m tests/unit/embeddings/test_embedding_service_async.py::[1mTestEmbeddingServiceAsync::test_calculate_similarity_async[0m - AttributeError: <src.ai_service.layers.embeddings.embedding_service.Embeddi...
[31mFAILED[0m tests/unit/embeddings/test_embedding_service_async.py::[1mTestEmbeddingServiceAsync::test_find_most_similar_async[0m - AttributeError: <src.ai_service.layers.embeddings.embedding_service.Embeddi...
[31mFAILED[0m tests/unit/embeddings/test_embedding_service_async.py::[1mTestEmbeddingServiceAsync::test_batch_similarity_async[0m - AttributeError: <src.ai_service.layers.embeddings.embedding_service.Embeddi...
[31mFAILED[0m tests/unit/embeddings/test_embedding_service_async.py::[1mTestEmbeddingServiceAsync::test_async_methods_use_thread_pool[0m - AttributeError: <src.ai_service.layers.embeddings.embedding_service.Embeddi...
[31mFAILED[0m tests/unit/embeddings/test_embedding_service_async.py::[1mTestEmbeddingServiceAsync::test_async_error_handling[0m - AttributeError: <src.ai_service.layers.embeddings.embedding_service.Embeddi...
[31mFAILED[0m tests/unit/embeddings/test_embedding_service_async.py::[1mTestEmbeddingServiceAsync::test_concurrent_async_calls[0m - AttributeError: <src.ai_service.layers.embeddings.embedding_service.Embeddi...
[31mFAILED[0m tests/unit/embeddings/test_embedding_service_comprehensive.py::[1mTestEmbeddingServiceCore::test_encode_single_text[0m - assert False
[31mFAILED[0m tests/unit/embeddings/test_embedding_service_comprehensive.py::[1mTestEmbeddingServiceCore::test_encode_multiple_texts[0m - assert False
[31mFAILED[0m tests/unit/embeddings/test_embedding_service_comprehensive.py::[1mTestEmbeddingServiceCore::test_encode_with_normalization[0m - TypeError: list indices must be integers or slices, not str
[31mFAILED[0m tests/unit/embeddings/test_embedding_service_comprehensive.py::[1mTestEmbeddingServiceCore::test_encode_batch_processing[0m - assert False
[31mFAILED[0m tests/unit/embeddings/test_embedding_service_comprehensive.py::[1mTestEmbeddingServiceCore::test_encode_empty_input[0m - assert False
[31mFAILED[0m tests/unit/embeddings/test_embedding_service_comprehensive.py::[1mTestEmbeddingServiceCore::test_encode_none_input[0m - assert False
[31mFAILED[0m tests/unit/embeddings/test_embedding_service_comprehensive.py::[1mTestEmbeddingServiceCore::test_calculate_similarity_cosine[0m - AttributeError: 'EmbeddingService' object has no attribute 'calculate_simil...
[31mFAILED[0m tests/unit/embeddings/test_embedding_service_comprehensive.py::[1mTestEmbeddingServiceCore::test_calculate_similarity_dot_product[0m - AttributeError: 'EmbeddingService' object has no attribute 'calculate_simil...
[31mFAILED[0m tests/unit/embeddings/test_embedding_service_comprehensive.py::[1mTestEmbeddingServiceCore::test_find_similar_texts_basic[0m - AttributeError: 'EmbeddingService' object has no attribute 'find_similar_te...
[31mFAILED[0m tests/unit/embeddings/test_embedding_service_comprehensive.py::[1mTestEmbeddingServiceCore::test_find_similar_texts_with_threshold[0m - AttributeError: 'EmbeddingService' object has no attribute 'find_similar_te...
[31mFAILED[0m tests/unit/embeddings/test_embedding_service_comprehensive.py::[1mTestEmbeddingServiceCore::test_find_similar_texts_empty_candidates[0m - AttributeError: 'EmbeddingService' object has no attribute 'find_similar_te...
[31mFAILED[0m tests/unit/embeddings/test_embedding_service_comprehensive.py::[1mTestEmbeddingServiceCore::test_calculate_batch_similarity[0m - AttributeError: 'EmbeddingService' object has no attribute 'calculate_batch...
[31mFAILED[0m tests/unit/embeddings/test_embedding_service_comprehensive.py::[1mTestEmbeddingServiceCore::test_embedding_result_format[0m - AssertionError: assert 'success' in [0.011573481373488903, 0.02513620816171...
[31mFAILED[0m tests/unit/embeddings/test_embedding_service_comprehensive.py::[1mTestEmbeddingServiceCore::test_similarity_result_format[0m - AttributeError: 'EmbeddingService' object has no attribute 'calculate_simil...
[31mFAILED[0m tests/unit/embeddings/test_embedding_service_comprehensive.py::[1mTestEmbeddingServiceErrorHandling::test_model_encode_error[0m - assert False
[31mFAILED[0m tests/unit/embeddings/test_embedding_service_comprehensive.py::[1mTestEmbeddingServiceErrorHandling::test_invalid_metric_error[0m - assert False
[31mFAILED[0m tests/unit/embeddings/test_embedding_service_comprehensive.py::[1mTestEmbeddingServiceErrorHandling::test_memory_error_handling[0m - assert False
[31mFAILED[0m tests/unit/embeddings/test_embedding_service_comprehensive.py::[1mTestEmbeddingServiceErrorHandling::test_nan_embedding_handling[0m - assert False
[31mFAILED[0m tests/unit/embeddings/test_embedding_service_comprehensive.py::[1mTestEmbeddingServicePerformance::test_batch_size_optimization[0m - assert False
[31mFAILED[0m tests/unit/embeddings/test_embedding_service_comprehensive.py::[1mTestEmbeddingServicePerformance::test_processing_time_tracking[0m - assert False
[31mFAILED[0m tests/unit/embeddings/test_embedding_service_comprehensive.py::[1mTestEmbeddingServicePerformance::test_model_cache_efficiency[0m - TypeError: list indices must be integers or slices, not str
[31mFAILED[0m tests/unit/embeddings/test_embedding_service_comprehensive.py::[1mTestEmbeddingServiceIntegration::test_multilingual_support[0m - assert False
[31mFAILED[0m tests/unit/embeddings/test_embedding_service_comprehensive.py::[1mTestEmbeddingServiceIntegration::test_real_world_similarity_scenarios[0m - AttributeError: 'EmbeddingService' object has no attribute 'calculate_simil...
[31mFAILED[0m tests/unit/monitoring/test_metrics_basic.py::[1mtest_orchestrator_with_metrics_service[0m - assert False is True
[31mFAILED[0m tests/unit/monitoring/test_metrics_basic.py::[1mtest_metrics_service_basic_operations[0m - assert 0 > 0
[31mFAILED[0m tests/unit/monitoring/test_metrics_basic.py::[1mtest_metrics_service_initialization[0m - AssertionError: assert 14 == 0
[31mFAILED[0m tests/unit/monitoring/test_metrics_service.py::[1mTestMetricsService::test_service_initialization[0m - AssertionError: assert 14 == 0
[31mFAILED[0m tests/unit/monitoring/test_metrics_service.py::[1mTestMetricsService::test_counter_metric[0m - assert 5 == 6
[31mFAILED[0m tests/unit/monitoring/test_metrics_service.py::[1mTestMetricsService::test_record_histogram_metric[0m - KeyError: 'test.record_histogram'
[31mFAILED[0m tests/unit/monitoring/test_metrics_service.py::[1mTestMetricsService::test_timer_metric[0m - AttributeError: 'MetricsService' object has no attribute 'record_timing'. D...
[31mFAILED[0m tests/unit/monitoring/test_metrics_service.py::[1mTestMetricsService::test_metric_definitions[0m - TypeError: MetricDefinition.__init__() got an unexpected keyword argument '...
[31mFAILED[0m tests/unit/monitoring/test_metrics_service.py::[1mTestMetricsService::test_alert_system[0m - TypeError: MetricDefinition.__init__() got an unexpected keyword argument '...
[31mFAILED[0m tests/unit/monitoring/test_metrics_service.py::[1mTestMetricsService::test_alert_cooldown[0m - TypeError: MetricDefinition.__init__() got an unexpected keyword argument '...
[31mFAILED[0m tests/unit/monitoring/test_metrics_service.py::[1mTestMetricsService::test_metric_cleanup[0m - KeyError: 'old.metric'
[31mFAILED[0m tests/unit/monitoring/test_metrics_service.py::[1mTestMetricsService::test_performance_report[0m - KeyError: 'sum'
[31mFAILED[0m tests/unit/monitoring/test_metrics_service.py::[1mTestMetricsService::test_system_health_check[0m - AttributeError: 'MetricsService' object has no attribute 'check_system_heal...
[31mFAILED[0m tests/unit/monitoring/test_metrics_service.py::[1mTestMetricsService::test_metric_export[0m - assert 2113 == 3
[31mFAILED[0m tests/unit/monitoring/test_metrics_service.py::[1mTestMetricsService::test_thread_safety[0m - AssertionError: assert 'thread.0.counter' in {}
[31mFAILED[0m tests/unit/monitoring/test_metrics_service.py::[1mTestMetricsService::test_async_operations[0m - AssertionError: assert 'async.task.0' in {}
[31mFAILED[0m tests/unit/monitoring/test_metrics_service.py::[1mTestMetricsService::test_memory_usage_tracking[0m - AttributeError: 'MetricsService' object has no attribute 'max_metrics'
[31mFAILED[0m tests/unit/monitoring/test_metrics_service.py::[1mTestMetricsService::test_metric_labels[0m - TypeError: MetricDefinition.__init__() missing 1 required positional argume...
[31mFAILED[0m tests/unit/monitoring/test_metrics_service.py::[1mTestMetricsService::test_bulk_operations[0m - AssertionError: assert 'bulk.counter.1' in {}
[31mFAILED[0m tests/unit/monitoring/test_metrics_service.py::[1mTestMetricsService::test_error_handling[0m - AssertionError: assert 'valid.counter' in {}
[31mFAILED[0m tests/unit/monitoring/test_orchestrator_metrics.py::[1mTestOrchestratorMetrics::test_successful_processing_metrics[0m - assert 0 > 0
[31mFAILED[0m tests/unit/monitoring/test_orchestrator_metrics.py::[1mTestOrchestratorMetrics::test_active_requests_gauge[0m - assert 1 == 3
[31mFAILED[0m tests/unit/monitoring/test_orchestrator_metrics.py::[1mTestOrchestratorMetrics::test_histogram_metrics_accuracy[0m - AssertionError: assert 'sum' in {'count': 10, 'labels': {}, 'timestamp': 17...
[31mFAILED[0m tests/unit/morphology/test_russian_morphology_service.py::[1mTestRussianMorphology::test_analyze_name_whitespace_handling[0m - AssertionError: assert '–ú–∞—Ä–∏—è –ü–µ—Ç—Ä–æ–≤' == '–ú–∞—Ä–∏—è –ü–µ—Ç—Ä–æ–≤–∞'
[31mFAILED[0m tests/unit/morphology/test_russian_morphology_unit.py::[1mTestRussianMorphologyAnalyzer::test_analyze_word_basic[0m - AssertionError: assert False
[31mFAILED[0m tests/unit/morphology/test_russian_morphology_unit.py::[1mTestRussianMorphologyAnalyzer::test_analyze_name_basic[0m - AssertionError: assert False
[31mFAILED[0m tests/unit/morphology/test_russian_morphology_unit.py::[1mTestRussianMorphologyAnalyzer::test_analyze_name_with_language[0m - AssertionError: assert False
[31mFAILED[0m tests/unit/morphology/test_ukrainian_morphology.py::[1mTestUkrainianMorphologyAnalyzer::test_gender_detection_for_ukrainian_names[\u0421\u0435\u0440\u0433\u0456\u0439-masc-uk][0m - AssertionError: assert False
[31mFAILED[0m tests/unit/morphology/test_ukrainian_morphology.py::[1mTestUkrainianMorphologyAnalyzer::test_gender_detection_for_ukrainian_names[\u041e\u043b\u0435\u043d\u0430-femn-uk][0m - AssertionError: assert False
[31mFAILED[0m tests/unit/morphology/test_ukrainian_morphology.py::[1mTestUkrainianMorphologyAnalyzer::test_gender_detection_for_ukrainian_names[\u0412\u043e\u043b\u043e\u0434\u0438\u043c\u0438\u0440-masc-uk][0m - AssertionError: assert False
[31mFAILED[0m tests/unit/morphology/test_ukrainian_morphology.py::[1mTestUkrainianMorphologyAnalyzer::test_gender_detection_for_ukrainian_names[\u0414\u0430\u0440\u0456\u044f-femn-uk][0m - AssertionError: assert False
[31mFAILED[0m tests/unit/morphology/test_ukrainian_morphology.py::[1mTestUkrainianMorphologyAnalyzer::test_gender_detection_for_ukrainian_names[\u041f\u0435\u0442\u0440\u043e-masc-uk][0m - AssertionError: assert False
[31mFAILED[0m tests/unit/morphology/test_ukrainian_morphology.py::[1mTestUkrainianMorphologyAnalyzer::test_gender_detection_for_ukrainian_names[\u0410\u043d\u043d\u0430-femn-uk][0m - AssertionError: assert False
[31mFAILED[0m tests/unit/morphology/test_ukrainian_morphology.py::[1mTestUkrainianMorphologyAnalyzer::test_gender_detection_for_ukrainian_names[\u041c\u0438\u0445\u0430\u0439\u043b\u043e-masc-uk][0m - AssertionError: assert False
[31mFAILED[0m tests/unit/morphology/test_ukrainian_morphology.py::[1mTestUkrainianMorphologyAnalyzer::test_gender_detection_for_ukrainian_names[\u041a\u0430\u0442\u0435\u0440\u0438\u043d\u0430-femn-uk][0m - AssertionError: assert False
[31mFAILED[0m tests/unit/morphology/test_ukrainian_morphology.py::[1mTestUkrainianMorphologyAnalyzer::test_diminutives_generation[0m - AssertionError: assert False
[31mFAILED[0m tests/unit/morphology/test_ukrainian_morphology.py::[1mTestUkrainianMorphologyAnalyzer::test_transliteration_generation[0m - AssertionError: assert False
[31mFAILED[0m tests/unit/morphology/test_ukrainian_morphology.py::[1mTestUkrainianMorphologyAnalyzer::test_ukrainian_surname_endings[\u041f\u0435\u0442\u0440\u0435\u043d\u043a\u043e-expected_endings0][0m - AssertionError: assert False
[31mFAILED[0m tests/unit/morphology/test_ukrainian_morphology.py::[1mTestUkrainianMorphologyAnalyzer::test_ukrainian_surname_endings[\u0406\u0432\u0430\u043d\u0435\u043d\u043a\u043e-expected_endings1][0m - AssertionError: assert False
[31mFAILED[0m tests/unit/morphology/test_ukrainian_morphology.py::[1mTestUkrainianMorphologyAnalyzer::test_ukrainian_surname_endings[\u041c\u0435\u043b\u044c\u043d\u0438\u043a-expected_endings2][0m - AssertionError: assert False
[31mFAILED[0m tests/unit/morphology/test_ukrainian_morphology.py::[1mTestUkrainianMorphologyAnalyzer::test_ukrainian_surname_endings[\u0428\u0435\u0432\u0447\u0435\u043d\u043a\u043e-expected_endings3][0m - AssertionError: assert False
[31mFAILED[0m tests/unit/morphology/test_ukrainian_morphology.py::[1mTestUkrainianMorphologyAnalyzer::test_edge_cases_handling[\u0410-expected_result1][0m - AssertionError: assert False
[31mFAILED[0m tests/unit/morphology/test_ukrainian_morphology.py::[1mTestUkrainianMorphologyAnalyzer::test_edge_cases_handling[\u0421\u0435\u0440\u0433\u0456\u0439-expected_result2][0m - AssertionError: assert False
[31mFAILED[0m tests/unit/morphology/test_ukrainian_morphology.py::[1mTestUkrainianMorphologyAnalyzer::test_ukrainian_character_detection[\u0421\u0435\u0440\u0433\u0456\u0439-expected_ukrainian_chars0][0m - AssertionError: assert False
[31mFAILED[0m tests/unit/morphology/test_ukrainian_morphology.py::[1mTestUkrainianMorphologyAnalyzer::test_ukrainian_character_detection[\u041e\u043b\u0435\u043a\u0441\u0456\u0439-expected_ukrainian_chars1][0m - AssertionError: assert False
[31mFAILED[0m tests/unit/morphology/test_ukrainian_morphology.py::[1mTestUkrainianMorphologyAnalyzer::test_ukrainian_character_detection[\u0412\u043e\u043b\u043e\u0434\u0438\u043c\u0438\u0440-expected_ukrainian_chars2][0m - AssertionError: assert False
[31mFAILED[0m tests/unit/morphology/test_ukrainian_morphology.py::[1mTestUkrainianMorphologyAnalyzer::test_ukrainian_character_detection[\u0414\u0430\u0440\u0456\u044f-expected_ukrainian_chars3][0m - AssertionError: assert False
[31mFAILED[0m tests/unit/morphology/test_ukrainian_morphology.py::[1mTestUkrainianMorphologyAnalyzer::test_ukrainian_character_detection[\u041f\u0435\u0442\u0440\u043e-expected_ukrainian_chars4][0m - AssertionError: assert False
[31mFAILED[0m tests/unit/morphology/test_ukrainian_morphology.py::[1mTestUkrainianMorphologyAnalyzer::test_name_complexity_analysis[0m - AssertionError: assert False
[31mFAILED[0m tests/unit/morphology/test_ukrainian_morphology.py::[1mTestUkrainianMorphologyAnalyzer::test_gender_correction_logic[0m - AssertionError: assert False
[31mFAILED[0m tests/unit/morphology/test_ukrainian_morphology.py::[1mTestUkrainianMorphologyAnalyzer::test_analyze_name_basic_functionality[0m - AssertionError: assert False
[31mFAILED[0m tests/unit/morphology/test_ukrainian_morphology.py::[1mTestUkrainianMorphologyAnalyzer::test_short_name_handling[0m - AssertionError: assert False
[31mFAILED[0m tests/unit/morphology/test_ukrainian_morphology.py::[1mTestUkrainianMorphologyAnalyzer::test_auto_language_detection[0m - AssertionError: assert False
[31mFAILED[0m tests/unit/morphology/test_ukrainian_morphology.py::[1mTestUkrainianMorphologyAnalyzer::test_gender_exceptions_dictionary[0m - AssertionError: assert False
[31mFAILED[0m tests/unit/morphology/test_ukrainian_morphology.py::[1mTestUkrainianMorphologyAnalyzer::test_phonetic_variants_generation[0m - AssertionError: assert False
[31mFAILED[0m tests/unit/morphology/test_ukrainian_morphology.py::[1mTestUkrainianMorphologyAnalyzer::test_regional_transliterations[0m - AssertionError: assert False
[31mFAILED[0m tests/unit/morphology/test_ukrainian_morphology.py::[1mTestUkrainianMorphologyAnalyzer::test_get_all_forms_method[0m - AssertionError: assert False
[31mFAILED[0m tests/unit/morphology/test_ukrainian_morphology.py::[1mTestUkrainianMorphologyAnalyzer::test_is_ukrainian_name_detection[0m - AssertionError: assert False
[31mFAILED[0m tests/unit/morphology/test_ukrainian_morphology.py::[1mTestUkrainianMorphologyAnalyzer::test_complexity_level_calculation[0m - AttributeError: 'MorphologicalAnalysis' object has no attribute 'get'
[31mFAILED[0m tests/unit/morphology/test_ukrainian_morphology.py::[1mTestUkrainianMorphologyAnalyzer::test_basic_transliteration[0m - AssertionError: assert False
[31mFAILED[0m tests/unit/morphology/test_ukrainian_morphology.py::[1mTestUkrainianMorphologyAnalyzer::test_language_detection_internal[0m - AssertionError: assert False
[31mFAILED[0m tests/unit/morphology/test_ukrainian_morphology.py::[1mTestUkrainianMorphologyAnalyzer::test_pymorphy_analysis_failure_handling[0m - AssertionError: assert False
[31mFAILED[0m tests/unit/morphology/test_ukrainian_morphology.py::[1mTestUkrainianMorphologyAnalyzer::test_generate_pymorphy_declensions[0m - AssertionError: assert False
[31mFAILED[0m tests/unit/morphology/test_ukrainian_morphology.py::[1mTestUkrainianMorphologyAnalyzer::test_extract_gender_with_name_tags[0m - AssertionError: assert False
[31mFAILED[0m tests/unit/morphology/test_ukrainian_morphology.py::[1mTestUkrainianMorphologyAnalyzer::test_extract_gender_by_endings[0m - AssertionError: assert False
[31mFAILED[0m tests/unit/morphology/test_ukrainian_morphology.py::[1mTestUkrainianMorphologyAnalyzer::test_apply_regional_transliteration[0m - AssertionError: assert False
[31mFAILED[0m tests/unit/morphology/test_ukrainian_morphology.py::[1mTestUkrainianMorphologyAnalyzer::test_whitespace_name_handling[0m - AssertionError: assert False
[31mFAILED[0m tests/unit/morphology/test_ukrainian_morphology_unit.py::[1mTestUkrainianMorphologyAnalyzer::test_analyze_word_gender_detection_petro[0m - AssertionError: assert False
[31mFAILED[0m tests/unit/morphology/test_ukrainian_morphology_unit.py::[1mTestUkrainianMorphologyAnalyzer::test_analyze_word_gender_detection_daria[0m - AssertionError: assert False
[31mFAILED[0m tests/unit/morphology/test_ukrainian_morphology_unit.py::[1mTestUkrainianMorphologyAnalyzer::test_analyze_word_unknown_name[0m - AssertionError: assert False
[31mFAILED[0m tests/unit/morphology/test_ukrainian_morphology_unit.py::[1mTestUkrainianMorphologyAnalyzer::test_analyze_word_short_name[0m - AssertionError: assert False
[31mFAILED[0m tests/unit/morphology/test_ukrainian_morphology_unit.py::[1mTestUkrainianMorphologyAnalyzer::test_analyze_word_special_name[0m - AssertionError: assert False
[31mFAILED[0m tests/unit/morphology/test_ukrainian_morphology_unit.py::[1mTestUkrainianMorphologyAnalyzer::test_get_gender_special_name[0m - AttributeError: 'MorphologicalAnalysis' object has no attribute 'get'
[31mFAILED[0m tests/unit/morphology/test_ukrainian_morphology_unit.py::[1mTestUkrainianMorphologyAnalyzer::test_get_gender_unknown_name[0m - AttributeError: 'MorphologicalAnalysis' object has no attribute 'get'
[31mFAILED[0m tests/unit/morphology/test_ukrainian_morphology_unit.py::[1mTestUkrainianMorphologyAnalyzer::test_get_variants_special_name[0m - AttributeError: 'MorphologicalAnalysis' object has no attribute 'get'
[31mFAILED[0m tests/unit/morphology/test_ukrainian_morphology_unit.py::[1mTestUkrainianMorphologyAnalyzer::test_get_variants_unknown_name[0m - AttributeError: 'MorphologicalAnalysis' object has no attribute 'get'
[31mFAILED[0m tests/unit/morphology/test_ukrainian_morphology_unit.py::[1mTestUkrainianMorphologyAnalyzer::test_get_diminutives_special_name[0m - AttributeError: 'MorphologicalAnalysis' object has no attribute 'get'
[31mFAILED[0m tests/unit/morphology/test_ukrainian_morphology_unit.py::[1mTestUkrainianMorphologyAnalyzer::test_get_diminutives_unknown_name[0m - AttributeError: 'MorphologicalAnalysis' object has no attribute 'get'
[31mFAILED[0m tests/unit/morphology/test_ukrainian_morphology_unit.py::[1mTestUkrainianMorphologyAnalyzer::test_analyze_name_basic_functionality[0m - AssertionError: assert False
[31mFAILED[0m tests/unit/morphology/test_ukrainian_morphology_unit.py::[1mTestUkrainianMorphologyAnalyzer::test_analyze_name_with_language_detection[0m - AssertionError: assert False
[31mFAILED[0m tests/unit/screening/test_decision_logic.py::[1mTestDecisionLogic::test_analyze_regular_signals_high_confidence[0m - AssertionError: 'FULL_SEARCH' not found in '–í—ã—Å–æ–∫–∞—è —É–≤–µ—Ä–µ–Ω–Ω–æ—Å—Ç—å –≤ –Ω–∞–ª–∏—á–∏–∏ —Ä...
[31mFAILED[0m tests/unit/screening/test_decision_logic.py::[1mTestDecisionLogic::test_analyze_regular_signals_low_confidence[0m - AssertionError: <DecisionType.MANUAL_REVIEW: 'manual_review'> != <DecisionT...
[31mFAILED[0m tests/unit/screening/test_decision_logic.py::[1mTestDecisionLogic::test_is_excluded_text[0m - AssertionError: False is not true
[31mFAILED[0m tests/unit/screening/test_decision_logic.py::[1mTestDecisionLogic::test_make_regular_decision_thresholds[0m - AssertionError: '–°—Ä–µ–¥–Ω—è—è —É–≤–µ—Ä–µ–Ω–Ω–æ—Å—Ç—å' not found in '–í—ã—Å–æ–∫–∞—è —É–≤–µ—Ä–µ–Ω–Ω–æ—Å—Ç—å –≤ –Ω...
[31mFAILED[0m tests/unit/test_decision_logic.py::[1mTestDecisionLogic::test_analyze_regular_signals_high_confidence[0m - AssertionError: 'FULL_SEARCH' not found in '–í—ã—Å–æ–∫–∞—è —É–≤–µ—Ä–µ–Ω–Ω–æ—Å—Ç—å –≤ –Ω–∞–ª–∏—á–∏–∏ —Ä...
[31mFAILED[0m tests/unit/test_decision_logic.py::[1mTestDecisionLogic::test_analyze_regular_signals_low_confidence[0m - AssertionError: <DecisionType.MANUAL_REVIEW: 'manual_review'> != <DecisionT...
[31mFAILED[0m tests/unit/test_decision_logic.py::[1mTestDecisionLogic::test_is_excluded_text[0m - AssertionError: False is not true
[31mFAILED[0m tests/unit/test_decision_logic.py::[1mTestDecisionLogic::test_make_regular_decision_thresholds[0m - AssertionError: '–°—Ä–µ–¥–Ω—è—è —É–≤–µ—Ä–µ–Ω–Ω–æ—Å—Ç—å' not found in '–í—ã—Å–æ–∫–∞—è —É–≤–µ—Ä–µ–Ω–Ω–æ—Å—Ç—å –≤ –Ω...
[31mFAILED[0m tests/unit/test_integration_morphology.py::[1mTestMorphologyIntegration::test_service_initialization[0m - AssertionError: assert False
[31mFAILED[0m tests/unit/test_integration_morphology.py::[1mTestMorphologyIntegration::test_ukrainian_name_analysis[0m - AttributeError: 'NormalizationService' object has no attribute '_analyze_si...
[31mFAILED[0m tests/unit/test_integration_morphology.py::[1mTestMorphologyIntegration::test_russian_name_analysis[0m - AttributeError: 'NormalizationService' object has no attribute '_analyze_si...
[31mFAILED[0m tests/unit/test_integration_morphology.py::[1mTestMorphologyIntegration::test_mixed_language_handling[0m - AttributeError: 'NormalizationService' object has no attribute '_analyze_si...
[31mFAILED[0m tests/unit/test_integration_morphology.py::[1mTestMorphologyIntegration::test_fallback_behavior[0m - AttributeError: 'NormalizationService' object has no attribute '_analyze_si...
[31mFAILED[0m tests/unit/test_integration_morphology.py::[1mTestMorphologyIntegration::test_advanced_normalization_pipeline[0m - AttributeError: 'NormalizationService' object has no attribute '_analyze_si...
[31mFAILED[0m tests/unit/test_integration_morphology.py::[1mTestMorphologyIntegration::test_language_auto_detection[0m - AttributeError: 'NormalizationService' object has no attribute '_analyze_si...
[31mFAILED[0m tests/unit/test_integration_morphology.py::[1mTestMorphologyIntegration::test_morphology_consistency[0m - AttributeError: 'NormalizationService' object has no attribute '_analyze_si...
[31mFAILED[0m tests/unit/test_integration_morphology.py::[1mTestMorphologyIntegration::test_error_recovery[0m - AttributeError: 'NormalizationService' object has no attribute '_analyze_si...
!!!!!!!!!!!!!!!!!!!!!!!!!!!!!! KeyboardInterrupt !!!!!!!!!!!!!!!!!!!!!!!!!!!!!!!
[1m[31m/opt/homebrew/lib/python3.12/site-packages/langdetect/detector.py[0m:231: KeyboardInterrupt
[33m(to show a full traceback on KeyboardInterrupt use --full-trace)[0m
[31m=========== [31m[1m134 failed[0m, [32m681 passed[0m, [33m14 skipped[0m[31m in 212.22s (0:03:32)[0m[31m ============[0m
